<?xml version="1.0" encoding="UTF-8"?>
<testng-results ignored="4" total="7" passed="2" failed="1" skipped="0">
  <reporter-output>
  </reporter-output>
  <suite started-at="2024-03-27T09:52:43 BDT" name="Suite" finished-at="2024-03-27T10:00:33 BDT" duration-ms="470247">
    <groups>
    </groups>
    <test started-at="2024-03-27T09:52:43 BDT" name="Test" finished-at="2024-03-27T10:00:33 BDT" duration-ms="470247">
      <class name="TestCase.SamityAcceptance">
        <test-method signature="NewSamityNameApproval()[pri:0, instance:TestCase.SamityAcceptance@29f7cefd]" started-at="2024-03-27T09:53:34 BDT" name="NewSamityNameApproval" description="নতুন সমিতি অনুমোদন By উপজেলা সমবায় অফিসার" finished-at="2024-03-27T09:54:01 BDT" duration-ms="26895" status="PASS">
          <reporter-output>
          </reporter-output>
        </test-method> <!-- NewSamityNameApproval -->
      </class> <!-- TestCase.SamityAcceptance -->
      <class name="TestCase.NameClearanceTest">
        <test-method is-config="true" signature="setBrowser()[pri:0, instance:TestCase.NameClearanceTest@1f9f6368]" started-at="2024-03-27T09:52:40 BDT" name="setBrowser" finished-at="2024-03-27T09:52:43 BDT" duration-ms="3241" status="PASS">
          <reporter-output>
          </reporter-output>
        </test-method> <!-- setBrowser -->
        <test-method signature="NameClearance()[pri:0, instance:TestCase.NameClearanceTest@1f9f6368]" started-at="2024-03-27T09:52:43 BDT" name="NameClearance" description="Check system allow new name clearance(সমিতি নাম অনুমোদনের জন্য প্রেরণ ): Enter By User" finished-at="2024-03-27T09:53:34 BDT" duration-ms="51081" status="FAIL">
          <exception class="org.openqa.selenium.TimeoutException">
            <message>
              <![CDATA[Expected condition failed: waiting for visibility of element located by By.xpath: /html[1]/body[1]/div[1]/main[1]/div[1]/header[1]/div[1]/div[1]/div[2]/div[2]/div[1]/button[4]/*[name()='svg'][1] (tried for 20 second(s) with 500 milliseconds interval)
Build info: version: '4.6.0', revision: '79f1c02ae20'
System info: os.name: 'Windows 10', os.arch: 'amd64', os.version: '10.0', java.version: '21.0.2'
Driver info: org.openqa.selenium.edge.EdgeDriver
Capabilities {acceptInsecureCerts: false, browserName: MicrosoftEdge, browserVersion: 122.0.2365.92, fedcm:accounts: true, ms:edgeOptions: {debuggerAddress: localhost:57511}, msedge: {msedgedriverVersion: 122.0.2365.106 (a5761ec7165..., userDataDir: C:\Users\user\AppData\Local...}, networkConnectionEnabled: false, pageLoadStrategy: normal, platformName: WINDOWS, proxy: Proxy(), se:cdp: ws://localhost:57511/devtoo..., se:cdpVersion: 122.0.2365.92, setWindowRect: true, strictFileInteractability: false, timeouts: {implicit: 0, pageLoad: 300000, script: 30000}, unhandledPromptBehavior: dismiss and notify, webauthn:extension:credBlob: true, webauthn:extension:largeBlob: true, webauthn:extension:minPinLength: true, webauthn:extension:prf: true, webauthn:virtualAuthenticators: true}
Session ID: dd02139fe2ddc09680b0c05b76c192ac]]>
            </message>
            <full-stacktrace>
              <![CDATA[org.openqa.selenium.TimeoutException: Expected condition failed: waiting for visibility of element located by By.xpath: /html[1]/body[1]/div[1]/main[1]/div[1]/header[1]/div[1]/div[1]/div[2]/div[2]/div[1]/button[4]/*[name()='svg'][1] (tried for 20 second(s) with 500 milliseconds interval)
Build info: version: '4.6.0', revision: '79f1c02ae20'
System info: os.name: 'Windows 10', os.arch: 'amd64', os.version: '10.0', java.version: '21.0.2'
Driver info: org.openqa.selenium.edge.EdgeDriver
Capabilities {acceptInsecureCerts: false, browserName: MicrosoftEdge, browserVersion: 122.0.2365.92, fedcm:accounts: true, ms:edgeOptions: {debuggerAddress: localhost:57511}, msedge: {msedgedriverVersion: 122.0.2365.106 (a5761ec7165..., userDataDir: C:\Users\user\AppData\Local...}, networkConnectionEnabled: false, pageLoadStrategy: normal, platformName: WINDOWS, proxy: Proxy(), se:cdp: ws://localhost:57511/devtoo..., se:cdpVersion: 122.0.2365.92, setWindowRect: true, strictFileInteractability: false, timeouts: {implicit: 0, pageLoad: 300000, script: 30000}, unhandledPromptBehavior: dismiss and notify, webauthn:extension:credBlob: true, webauthn:extension:largeBlob: true, webauthn:extension:minPinLength: true, webauthn:extension:prf: true, webauthn:virtualAuthenticators: true}
Session ID: dd02139fe2ddc09680b0c05b76c192ac
at org.openqa.selenium.support.ui.WebDriverWait.timeoutException(WebDriverWait.java:87)
at org.openqa.selenium.support.ui.FluentWait.until(FluentWait.java:231)
at Utilities.Methods.clickWaitElement(Methods.java:59)
at Utilities.NameClearancePage.NameClearanceApply(NameClearancePage.java:47)
at TestCase.NameClearanceTest.NameClearance(NameClearanceTest.java:17)
at java.base/jdk.internal.reflect.DirectMethodHandleAccessor.invoke(DirectMethodHandleAccessor.java:103)
at java.base/java.lang.reflect.Method.invoke(Method.java:580)
at org.testng.internal.invokers.MethodInvocationHelper.invokeMethod(MethodInvocationHelper.java:139)
at org.testng.internal.invokers.TestInvoker.invokeMethod(TestInvoker.java:677)
at org.testng.internal.invokers.TestInvoker.invokeTestMethod(TestInvoker.java:221)
at org.testng.internal.invokers.MethodRunner.runInSequence(MethodRunner.java:50)
at org.testng.internal.invokers.TestInvoker$MethodInvocationAgent.invoke(TestInvoker.java:962)
at org.testng.internal.invokers.TestInvoker.invokeTestMethods(TestInvoker.java:194)
at org.testng.internal.invokers.TestMethodWorker.invokeTestMethods(TestMethodWorker.java:148)
at org.testng.internal.invokers.TestMethodWorker.run(TestMethodWorker.java:128)
at java.base/java.util.ArrayList.forEach(ArrayList.java:1596)
at org.testng.TestRunner.privateRun(TestRunner.java:806)
at org.testng.TestRunner.run(TestRunner.java:601)
at org.testng.SuiteRunner.runTest(SuiteRunner.java:433)
at org.testng.SuiteRunner.runSequentially(SuiteRunner.java:427)
at org.testng.SuiteRunner.privateRun(SuiteRunner.java:387)
at org.testng.SuiteRunner.run(SuiteRunner.java:330)
at org.testng.SuiteRunnerWorker.runSuite(SuiteRunnerWorker.java:52)
at org.testng.SuiteRunnerWorker.run(SuiteRunnerWorker.java:95)
at org.testng.TestNG.runSuitesSequentially(TestNG.java:1256)
at org.testng.TestNG.runSuitesLocally(TestNG.java:1176)
at org.testng.TestNG.runSuites(TestNG.java:1099)
at org.testng.TestNG.run(TestNG.java:1067)
at org.testng.remote.AbstractRemoteTestNG.run(AbstractRemoteTestNG.java:115)
at org.testng.remote.RemoteTestNG.initAndRun(RemoteTestNG.java:251)
at org.testng.remote.RemoteTestNG.main(RemoteTestNG.java:77)
]]>
            </full-stacktrace>
          </exception> <!-- org.openqa.selenium.TimeoutException -->
          <reporter-output>
          </reporter-output>
        </test-method> <!-- NameClearance -->
        <test-method is-config="true" signature="quitBrowser()[pri:0, instance:TestCase.NameClearanceTest@1f9f6368]" started-at="2024-03-27T10:00:33 BDT" name="quitBrowser" finished-at="2024-03-27T10:00:34 BDT" duration-ms="354" status="PASS">
          <reporter-output>
          </reporter-output>
        </test-method> <!-- quitBrowser -->
      </class> <!-- TestCase.NameClearanceTest -->
      <class name="TestCase.NineStepMemberCreation">
        <test-method signature="UpToAddMember()[pri:0, instance:TestCase.NineStepMemberCreation@78452606]" started-at="2024-03-27T09:54:01 BDT" name="UpToAddMember" description="৯স্টেপ সমিতি গঠন  এবং অনুমোদন এর জন্য প্রেরণ" finished-at="2024-03-27T10:00:33 BDT" duration-ms="391943" status="PASS">
          <reporter-output>
          </reporter-output>
        </test-method> <!-- UpToAddMember -->
      </class> <!-- TestCase.NineStepMemberCreation -->
    </test> <!-- Test -->
  </suite> <!-- Suite -->
</testng-results>
